  PlayScene.cpp
C:\Users\angel\Desktop\School\Game Physics GAME(2005)\GAME2005_Labs\src\PlayScene.h(43,17): warning C4305: 'initializing': truncation from 'double' to 'float'
C:\Users\angel\Desktop\School\Game Physics GAME(2005)\GAME2005_Labs\src\PlayScene.cpp(28,11): warning C4244: 'initializing': conversion from 'double' to 'float', possible loss of data
C:\Users\angel\Desktop\School\Game Physics GAME(2005)\GAME2005_Labs\src\PlayScene.cpp(29,11): warning C4244: 'initializing': conversion from 'double' to 'float', possible loss of data
C:\Users\angel\Desktop\School\Game Physics GAME(2005)\GAME2005_Labs\src\PlayScene.cpp(30,109): warning C4244: 'argument': conversion from 'T' to 'int', possible loss of data
          with
          [
              T=float
          ]
C:\Users\angel\Desktop\School\Game Physics GAME(2005)\GAME2005_Labs\src\PlayScene.cpp(30,92): warning C4244: 'argument': conversion from 'T' to 'int', possible loss of data
          with
          [
              T=float
          ]
C:\Users\angel\Desktop\School\Game Physics GAME(2005)\GAME2005_Labs\src\PlayScene.cpp(30,77): warning C4244: 'argument': conversion from 'T' to 'int', possible loss of data
          with
          [
              T=float
          ]
C:\Users\angel\Desktop\School\Game Physics GAME(2005)\GAME2005_Labs\src\PlayScene.cpp(30,65): warning C4244: 'argument': conversion from 'T' to 'int', possible loss of data
          with
          [
              T=float
          ]
C:\Users\angel\Desktop\School\Game Physics GAME(2005)\GAME2005_Labs\src\PlayScene.cpp(48,52): warning C4244: '=': conversion from 'double' to 'T', possible loss of data
          with
          [
              T=float
          ]
C:\Users\angel\Desktop\School\Game Physics GAME(2005)\GAME2005_Labs\src\PlayScene.cpp(51,107): warning C4244: 'argument': conversion from 'T' to 'int', possible loss of data
          with
          [
              T=float
          ]
C:\Users\angel\Desktop\School\Game Physics GAME(2005)\GAME2005_Labs\src\PlayScene.cpp(51,94): warning C4244: 'argument': conversion from 'T' to 'int', possible loss of data
          with
          [
              T=float
          ]
C:\Users\angel\Desktop\School\Game Physics GAME(2005)\GAME2005_Labs\src\PlayScene.cpp(51,81): warning C4244: 'argument': conversion from 'T' to 'int', possible loss of data
          with
          [
              T=float
          ]
C:\Users\angel\Desktop\School\Game Physics GAME(2005)\GAME2005_Labs\src\PlayScene.cpp(51,68): warning C4244: 'argument': conversion from 'T' to 'int', possible loss of data
          with
          [
              T=float
          ]
C:\Users\angel\Desktop\School\Game Physics GAME(2005)\GAME2005_Labs\src\PlayScene.cpp(66,26): warning C4244: '=': conversion from 'float' to 'int', possible loss of data
C:\Users\angel\Desktop\School\Game Physics GAME(2005)\GAME2005_Labs\src\PlayScene.cpp(67,29): warning C4244: '=': conversion from 'T' to 'int', possible loss of data
          with
          [
              T=float
          ]
C:\Users\angel\Desktop\School\Game Physics GAME(2005)\GAME2005_Labs\src\PlayScene.cpp(72,75): warning C4244: 'argument': conversion from 'float' to 'int', possible loss of data
C:\Users\angel\Desktop\School\Game Physics GAME(2005)\GAME2005_Labs\src\PlayScene.cpp(72,60): warning C4244: 'argument': conversion from 'float' to 'int', possible loss of data
C:\Users\angel\Desktop\School\Game Physics GAME(2005)\GAME2005_Labs\src\PlayScene.cpp(84,136): warning C4244: 'argument': conversion from 'T' to 'int', possible loss of data
          with
          [
              T=float
          ]
C:\Users\angel\Desktop\School\Game Physics GAME(2005)\GAME2005_Labs\src\PlayScene.cpp(84,132): warning C4244: 'argument': conversion from 'T' to 'int', possible loss of data
          with
          [
              T=float
          ]
C:\Users\angel\Desktop\School\Game Physics GAME(2005)\GAME2005_Labs\src\PlayScene.cpp(84,127): warning C4244: 'argument': conversion from 'T' to 'int', possible loss of data
          with
          [
              T=float
          ]
C:\Users\angel\Desktop\School\Game Physics GAME(2005)\GAME2005_Labs\src\PlayScene.cpp(84,90): warning C4244: 'argument': conversion from 'T' to 'int', possible loss of data
          with
          [
              T=float
          ]
C:\Users\angel\Desktop\School\Game Physics GAME(2005)\GAME2005_Labs\src\PlayScene.cpp(89,137): warning C4244: 'argument': conversion from 'T' to 'int', possible loss of data
          with
          [
              T=float
          ]
C:\Users\angel\Desktop\School\Game Physics GAME(2005)\GAME2005_Labs\src\PlayScene.cpp(89,132): warning C4244: 'argument': conversion from 'T' to 'int', possible loss of data
          with
          [
              T=float
          ]
C:\Users\angel\Desktop\School\Game Physics GAME(2005)\GAME2005_Labs\src\PlayScene.cpp(89,127): warning C4244: 'argument': conversion from 'T' to 'int', possible loss of data
          with
          [
              T=float
          ]
C:\Users\angel\Desktop\School\Game Physics GAME(2005)\GAME2005_Labs\src\PlayScene.cpp(89,90): warning C4244: 'argument': conversion from 'T' to 'int', possible loss of data
          with
          [
              T=float
          ]
C:\Users\angel\Desktop\School\Game Physics GAME(2005)\GAME2005_Labs\src\PlayScene.cpp(105,70): warning C4244: '=': conversion from 'double' to 'T', possible loss of data
          with
          [
              T=float
          ]
C:\Users\angel\Desktop\School\Game Physics GAME(2005)\GAME2005_Labs\src\PlayScene.cpp(106,71): warning C4244: '=': conversion from 'double' to 'T', possible loss of data
          with
          [
              T=float
          ]
  Template.vcxproj -> C:\Users\angel\Desktop\School\Game Physics GAME(2005)\GAME2005_Labs\bin\Debug\Template.exe
